Start testing: Jul 19 14:19 UTC
----------------------------------------------------------
1/17 Testing: FreeRTOSTest.HeaderCompilation
1/17 Test: FreeRTOSTest.HeaderCompilation
Command: "/home/runner/work/freertos_cpp_wrappers/freertos_cpp_wrappers/build/tests/test_freertos" "--gtest_filter=FreeRTOSTest.HeaderCompilation" "--gtest_also_run_disabled_tests"
Directory: /home/runner/work/freertos_cpp_wrappers/freertos_cpp_wrappers/build/tests
"FreeRTOSTest.HeaderCompilation" start time: Jul 19 14:19 UTC
Output:
----------------------------------------------------------
Running main() from /home/runner/work/freertos_cpp_wrappers/freertos_cpp_wrappers/build/_deps/googletest-src/googletest/src/gtest_main.cc
Note: Google Test filter = FreeRTOSTest.HeaderCompilation
[==========] Running 1 test from 1 test suite.
[----------] Global test environment set-up.
[----------] 1 test from FreeRTOSTest
[ RUN      ] FreeRTOSTest.HeaderCompilation
[       OK ] FreeRTOSTest.HeaderCompilation (0 ms)
[----------] 1 test from FreeRTOSTest (0 ms total)

[----------] Global test environment tear-down
[==========] 1 test from 1 test suite ran. (0 ms total)
[  PASSED  ] 1 test.
<end of output>
Test time =   0.00 sec
----------------------------------------------------------
Test Passed.
"FreeRTOSTest.HeaderCompilation" end time: Jul 19 14:19 UTC
"FreeRTOSTest.HeaderCompilation" time elapsed: 00:00:00
----------------------------------------------------------

2/17 Testing: FreeRTOSTest.NamespaceAccess
2/17 Test: FreeRTOSTest.NamespaceAccess
Command: "/home/runner/work/freertos_cpp_wrappers/freertos_cpp_wrappers/build/tests/test_freertos" "--gtest_filter=FreeRTOSTest.NamespaceAccess" "--gtest_also_run_disabled_tests"
Directory: /home/runner/work/freertos_cpp_wrappers/freertos_cpp_wrappers/build/tests
"FreeRTOSTest.NamespaceAccess" start time: Jul 19 14:19 UTC
Output:
----------------------------------------------------------
Running main() from /home/runner/work/freertos_cpp_wrappers/freertos_cpp_wrappers/build/_deps/googletest-src/googletest/src/gtest_main.cc
Note: Google Test filter = FreeRTOSTest.NamespaceAccess
[==========] Running 1 test from 1 test suite.
[----------] Global test environment set-up.
[----------] 1 test from FreeRTOSTest
[ RUN      ] FreeRTOSTest.NamespaceAccess
[       OK ] FreeRTOSTest.NamespaceAccess (0 ms)
[----------] 1 test from FreeRTOSTest (0 ms total)

[----------] Global test environment tear-down
[==========] 1 test from 1 test suite ran. (0 ms total)
[  PASSED  ] 1 test.
<end of output>
Test time =   0.00 sec
----------------------------------------------------------
Test Passed.
"FreeRTOSTest.NamespaceAccess" end time: Jul 19 14:19 UTC
"FreeRTOSTest.NamespaceAccess" time elapsed: 00:00:00
----------------------------------------------------------

3/17 Testing: FreeRTOSEventGroupTest.HeaderCompilation
3/17 Test: FreeRTOSEventGroupTest.HeaderCompilation
Command: "/home/runner/work/freertos_cpp_wrappers/freertos_cpp_wrappers/build/tests/test_freertos_event_group" "--gtest_filter=FreeRTOSEventGroupTest.HeaderCompilation" "--gtest_also_run_disabled_tests"
Directory: /home/runner/work/freertos_cpp_wrappers/freertos_cpp_wrappers/build/tests
"FreeRTOSEventGroupTest.HeaderCompilation" start time: Jul 19 14:19 UTC
Output:
----------------------------------------------------------
Running main() from /home/runner/work/freertos_cpp_wrappers/freertos_cpp_wrappers/build/_deps/googletest-src/googletest/src/gtest_main.cc
Note: Google Test filter = FreeRTOSEventGroupTest.HeaderCompilation
[==========] Running 1 test from 1 test suite.
[----------] Global test environment set-up.
[----------] 1 test from FreeRTOSEventGroupTest
[ RUN      ] FreeRTOSEventGroupTest.HeaderCompilation
[       OK ] FreeRTOSEventGroupTest.HeaderCompilation (0 ms)
[----------] 1 test from FreeRTOSEventGroupTest (0 ms total)

[----------] Global test environment tear-down
[==========] 1 test from 1 test suite ran. (0 ms total)
[  PASSED  ] 1 test.
<end of output>
Test time =   0.00 sec
----------------------------------------------------------
Test Passed.
"FreeRTOSEventGroupTest.HeaderCompilation" end time: Jul 19 14:19 UTC
"FreeRTOSEventGroupTest.HeaderCompilation" time elapsed: 00:00:00
----------------------------------------------------------

4/17 Testing: FreeRTOSEventGroupTest.TypeAccess
4/17 Test: FreeRTOSEventGroupTest.TypeAccess
Command: "/home/runner/work/freertos_cpp_wrappers/freertos_cpp_wrappers/build/tests/test_freertos_event_group" "--gtest_filter=FreeRTOSEventGroupTest.TypeAccess" "--gtest_also_run_disabled_tests"
Directory: /home/runner/work/freertos_cpp_wrappers/freertos_cpp_wrappers/build/tests
"FreeRTOSEventGroupTest.TypeAccess" start time: Jul 19 14:19 UTC
Output:
----------------------------------------------------------
Running main() from /home/runner/work/freertos_cpp_wrappers/freertos_cpp_wrappers/build/_deps/googletest-src/googletest/src/gtest_main.cc
Note: Google Test filter = FreeRTOSEventGroupTest.TypeAccess
[==========] Running 1 test from 1 test suite.
[----------] Global test environment set-up.
[----------] 1 test from FreeRTOSEventGroupTest
[ RUN      ] FreeRTOSEventGroupTest.TypeAccess
[       OK ] FreeRTOSEventGroupTest.TypeAccess (0 ms)
[----------] 1 test from FreeRTOSEventGroupTest (0 ms total)

[----------] Global test environment tear-down
[==========] 1 test from 1 test suite ran. (0 ms total)
[  PASSED  ] 1 test.
<end of output>
Test time =   0.00 sec
----------------------------------------------------------
Test Passed.
"FreeRTOSEventGroupTest.TypeAccess" end time: Jul 19 14:19 UTC
"FreeRTOSEventGroupTest.TypeAccess" time elapsed: 00:00:00
----------------------------------------------------------

5/17 Testing: FreeRTOSMessageBufferTest.HeaderCompilation
5/17 Test: FreeRTOSMessageBufferTest.HeaderCompilation
Command: "/home/runner/work/freertos_cpp_wrappers/freertos_cpp_wrappers/build/tests/test_freertos_message_buffer" "--gtest_filter=FreeRTOSMessageBufferTest.HeaderCompilation" "--gtest_also_run_disabled_tests"
Directory: /home/runner/work/freertos_cpp_wrappers/freertos_cpp_wrappers/build/tests
"FreeRTOSMessageBufferTest.HeaderCompilation" start time: Jul 19 14:19 UTC
Output:
----------------------------------------------------------
Running main() from /home/runner/work/freertos_cpp_wrappers/freertos_cpp_wrappers/build/_deps/googletest-src/googletest/src/gtest_main.cc
Note: Google Test filter = FreeRTOSMessageBufferTest.HeaderCompilation
[==========] Running 1 test from 1 test suite.
[----------] Global test environment set-up.
[----------] 1 test from FreeRTOSMessageBufferTest
[ RUN      ] FreeRTOSMessageBufferTest.HeaderCompilation
[       OK ] FreeRTOSMessageBufferTest.HeaderCompilation (0 ms)
[----------] 1 test from FreeRTOSMessageBufferTest (0 ms total)

[----------] Global test environment tear-down
[==========] 1 test from 1 test suite ran. (0 ms total)
[  PASSED  ] 1 test.
<end of output>
Test time =   0.00 sec
----------------------------------------------------------
Test Passed.
"FreeRTOSMessageBufferTest.HeaderCompilation" end time: Jul 19 14:19 UTC
"FreeRTOSMessageBufferTest.HeaderCompilation" time elapsed: 00:00:00
----------------------------------------------------------

6/17 Testing: FreeRTOSMessageBufferTest.TypeAccess
6/17 Test: FreeRTOSMessageBufferTest.TypeAccess
Command: "/home/runner/work/freertos_cpp_wrappers/freertos_cpp_wrappers/build/tests/test_freertos_message_buffer" "--gtest_filter=FreeRTOSMessageBufferTest.TypeAccess" "--gtest_also_run_disabled_tests"
Directory: /home/runner/work/freertos_cpp_wrappers/freertos_cpp_wrappers/build/tests
"FreeRTOSMessageBufferTest.TypeAccess" start time: Jul 19 14:19 UTC
Output:
----------------------------------------------------------
Running main() from /home/runner/work/freertos_cpp_wrappers/freertos_cpp_wrappers/build/_deps/googletest-src/googletest/src/gtest_main.cc
Note: Google Test filter = FreeRTOSMessageBufferTest.TypeAccess
[==========] Running 1 test from 1 test suite.
[----------] Global test environment set-up.
[----------] 1 test from FreeRTOSMessageBufferTest
[ RUN      ] FreeRTOSMessageBufferTest.TypeAccess
[       OK ] FreeRTOSMessageBufferTest.TypeAccess (0 ms)
[----------] 1 test from FreeRTOSMessageBufferTest (0 ms total)

[----------] Global test environment tear-down
[==========] 1 test from 1 test suite ran. (0 ms total)
[  PASSED  ] 1 test.
<end of output>
Test time =   0.00 sec
----------------------------------------------------------
Test Passed.
"FreeRTOSMessageBufferTest.TypeAccess" end time: Jul 19 14:19 UTC
"FreeRTOSMessageBufferTest.TypeAccess" time elapsed: 00:00:00
----------------------------------------------------------

7/17 Testing: FreeRTOSQueueTest.HeaderCompilation
7/17 Test: FreeRTOSQueueTest.HeaderCompilation
Command: "/home/runner/work/freertos_cpp_wrappers/freertos_cpp_wrappers/build/tests/test_freertos_queue" "--gtest_filter=FreeRTOSQueueTest.HeaderCompilation" "--gtest_also_run_disabled_tests"
Directory: /home/runner/work/freertos_cpp_wrappers/freertos_cpp_wrappers/build/tests
"FreeRTOSQueueTest.HeaderCompilation" start time: Jul 19 14:19 UTC
Output:
----------------------------------------------------------
Running main() from /home/runner/work/freertos_cpp_wrappers/freertos_cpp_wrappers/build/_deps/googletest-src/googletest/src/gtest_main.cc
Note: Google Test filter = FreeRTOSQueueTest.HeaderCompilation
[==========] Running 1 test from 1 test suite.
[----------] Global test environment set-up.
[----------] 1 test from FreeRTOSQueueTest
[ RUN      ] FreeRTOSQueueTest.HeaderCompilation
[       OK ] FreeRTOSQueueTest.HeaderCompilation (0 ms)
[----------] 1 test from FreeRTOSQueueTest (0 ms total)

[----------] Global test environment tear-down
[==========] 1 test from 1 test suite ran. (0 ms total)
[  PASSED  ] 1 test.
<end of output>
Test time =   0.00 sec
----------------------------------------------------------
Test Passed.
"FreeRTOSQueueTest.HeaderCompilation" end time: Jul 19 14:19 UTC
"FreeRTOSQueueTest.HeaderCompilation" time elapsed: 00:00:00
----------------------------------------------------------

8/17 Testing: FreeRTOSQueueTest.TypeAccess
8/17 Test: FreeRTOSQueueTest.TypeAccess
Command: "/home/runner/work/freertos_cpp_wrappers/freertos_cpp_wrappers/build/tests/test_freertos_queue" "--gtest_filter=FreeRTOSQueueTest.TypeAccess" "--gtest_also_run_disabled_tests"
Directory: /home/runner/work/freertos_cpp_wrappers/freertos_cpp_wrappers/build/tests
"FreeRTOSQueueTest.TypeAccess" start time: Jul 19 14:19 UTC
Output:
----------------------------------------------------------
Running main() from /home/runner/work/freertos_cpp_wrappers/freertos_cpp_wrappers/build/_deps/googletest-src/googletest/src/gtest_main.cc
Note: Google Test filter = FreeRTOSQueueTest.TypeAccess
[==========] Running 1 test from 1 test suite.
[----------] Global test environment set-up.
[----------] 1 test from FreeRTOSQueueTest
[ RUN      ] FreeRTOSQueueTest.TypeAccess
[       OK ] FreeRTOSQueueTest.TypeAccess (0 ms)
[----------] 1 test from FreeRTOSQueueTest (0 ms total)

[----------] Global test environment tear-down
[==========] 1 test from 1 test suite ran. (0 ms total)
[  PASSED  ] 1 test.
<end of output>
Test time =   0.00 sec
----------------------------------------------------------
Test Passed.
"FreeRTOSQueueTest.TypeAccess" end time: Jul 19 14:19 UTC
"FreeRTOSQueueTest.TypeAccess" time elapsed: 00:00:00
----------------------------------------------------------

9/17 Testing: FreeRTOSSemaphoreTest.HeaderCompilation
9/17 Test: FreeRTOSSemaphoreTest.HeaderCompilation
Command: "/home/runner/work/freertos_cpp_wrappers/freertos_cpp_wrappers/build/tests/test_freertos_semaphore" "--gtest_filter=FreeRTOSSemaphoreTest.HeaderCompilation" "--gtest_also_run_disabled_tests"
Directory: /home/runner/work/freertos_cpp_wrappers/freertos_cpp_wrappers/build/tests
"FreeRTOSSemaphoreTest.HeaderCompilation" start time: Jul 19 14:19 UTC
Output:
----------------------------------------------------------
Running main() from /home/runner/work/freertos_cpp_wrappers/freertos_cpp_wrappers/build/_deps/googletest-src/googletest/src/gtest_main.cc
Note: Google Test filter = FreeRTOSSemaphoreTest.HeaderCompilation
[==========] Running 1 test from 1 test suite.
[----------] Global test environment set-up.
[----------] 1 test from FreeRTOSSemaphoreTest
[ RUN      ] FreeRTOSSemaphoreTest.HeaderCompilation
[       OK ] FreeRTOSSemaphoreTest.HeaderCompilation (0 ms)
[----------] 1 test from FreeRTOSSemaphoreTest (0 ms total)

[----------] Global test environment tear-down
[==========] 1 test from 1 test suite ran. (0 ms total)
[  PASSED  ] 1 test.
<end of output>
Test time =   0.00 sec
----------------------------------------------------------
Test Passed.
"FreeRTOSSemaphoreTest.HeaderCompilation" end time: Jul 19 14:19 UTC
"FreeRTOSSemaphoreTest.HeaderCompilation" time elapsed: 00:00:00
----------------------------------------------------------

10/17 Testing: FreeRTOSSemaphoreTest.TypeAccess
10/17 Test: FreeRTOSSemaphoreTest.TypeAccess
Command: "/home/runner/work/freertos_cpp_wrappers/freertos_cpp_wrappers/build/tests/test_freertos_semaphore" "--gtest_filter=FreeRTOSSemaphoreTest.TypeAccess" "--gtest_also_run_disabled_tests"
Directory: /home/runner/work/freertos_cpp_wrappers/freertos_cpp_wrappers/build/tests
"FreeRTOSSemaphoreTest.TypeAccess" start time: Jul 19 14:19 UTC
Output:
----------------------------------------------------------
Running main() from /home/runner/work/freertos_cpp_wrappers/freertos_cpp_wrappers/build/_deps/googletest-src/googletest/src/gtest_main.cc
Note: Google Test filter = FreeRTOSSemaphoreTest.TypeAccess
[==========] Running 1 test from 1 test suite.
[----------] Global test environment set-up.
[----------] 1 test from FreeRTOSSemaphoreTest
[ RUN      ] FreeRTOSSemaphoreTest.TypeAccess
[       OK ] FreeRTOSSemaphoreTest.TypeAccess (0 ms)
[----------] 1 test from FreeRTOSSemaphoreTest (0 ms total)

[----------] Global test environment tear-down
[==========] 1 test from 1 test suite ran. (0 ms total)
[  PASSED  ] 1 test.
<end of output>
Test time =   0.00 sec
----------------------------------------------------------
Test Passed.
"FreeRTOSSemaphoreTest.TypeAccess" end time: Jul 19 14:19 UTC
"FreeRTOSSemaphoreTest.TypeAccess" time elapsed: 00:00:00
----------------------------------------------------------

11/17 Testing: FreeRTOSStreamBufferTest.HeaderCompilation
11/17 Test: FreeRTOSStreamBufferTest.HeaderCompilation
Command: "/home/runner/work/freertos_cpp_wrappers/freertos_cpp_wrappers/build/tests/test_freertos_stream_buffer" "--gtest_filter=FreeRTOSStreamBufferTest.HeaderCompilation" "--gtest_also_run_disabled_tests"
Directory: /home/runner/work/freertos_cpp_wrappers/freertos_cpp_wrappers/build/tests
"FreeRTOSStreamBufferTest.HeaderCompilation" start time: Jul 19 14:19 UTC
Output:
----------------------------------------------------------
Running main() from /home/runner/work/freertos_cpp_wrappers/freertos_cpp_wrappers/build/_deps/googletest-src/googletest/src/gtest_main.cc
Note: Google Test filter = FreeRTOSStreamBufferTest.HeaderCompilation
[==========] Running 1 test from 1 test suite.
[----------] Global test environment set-up.
[----------] 1 test from FreeRTOSStreamBufferTest
[ RUN      ] FreeRTOSStreamBufferTest.HeaderCompilation
[       OK ] FreeRTOSStreamBufferTest.HeaderCompilation (0 ms)
[----------] 1 test from FreeRTOSStreamBufferTest (0 ms total)

[----------] Global test environment tear-down
[==========] 1 test from 1 test suite ran. (0 ms total)
[  PASSED  ] 1 test.
<end of output>
Test time =   0.00 sec
----------------------------------------------------------
Test Passed.
"FreeRTOSStreamBufferTest.HeaderCompilation" end time: Jul 19 14:19 UTC
"FreeRTOSStreamBufferTest.HeaderCompilation" time elapsed: 00:00:00
----------------------------------------------------------

12/17 Testing: FreeRTOSStreamBufferTest.TypeAccess
12/17 Test: FreeRTOSStreamBufferTest.TypeAccess
Command: "/home/runner/work/freertos_cpp_wrappers/freertos_cpp_wrappers/build/tests/test_freertos_stream_buffer" "--gtest_filter=FreeRTOSStreamBufferTest.TypeAccess" "--gtest_also_run_disabled_tests"
Directory: /home/runner/work/freertos_cpp_wrappers/freertos_cpp_wrappers/build/tests
"FreeRTOSStreamBufferTest.TypeAccess" start time: Jul 19 14:19 UTC
Output:
----------------------------------------------------------
Running main() from /home/runner/work/freertos_cpp_wrappers/freertos_cpp_wrappers/build/_deps/googletest-src/googletest/src/gtest_main.cc
Note: Google Test filter = FreeRTOSStreamBufferTest.TypeAccess
[==========] Running 1 test from 1 test suite.
[----------] Global test environment set-up.
[----------] 1 test from FreeRTOSStreamBufferTest
[ RUN      ] FreeRTOSStreamBufferTest.TypeAccess
[       OK ] FreeRTOSStreamBufferTest.TypeAccess (0 ms)
[----------] 1 test from FreeRTOSStreamBufferTest (0 ms total)

[----------] Global test environment tear-down
[==========] 1 test from 1 test suite ran. (0 ms total)
[  PASSED  ] 1 test.
<end of output>
Test time =   0.00 sec
----------------------------------------------------------
Test Passed.
"FreeRTOSStreamBufferTest.TypeAccess" end time: Jul 19 14:19 UTC
"FreeRTOSStreamBufferTest.TypeAccess" time elapsed: 00:00:00
----------------------------------------------------------

13/17 Testing: FreeRTOSSwTimerTest.HeaderCompilation
13/17 Test: FreeRTOSSwTimerTest.HeaderCompilation
Command: "/home/runner/work/freertos_cpp_wrappers/freertos_cpp_wrappers/build/tests/test_freertos_sw_timer" "--gtest_filter=FreeRTOSSwTimerTest.HeaderCompilation" "--gtest_also_run_disabled_tests"
Directory: /home/runner/work/freertos_cpp_wrappers/freertos_cpp_wrappers/build/tests
"FreeRTOSSwTimerTest.HeaderCompilation" start time: Jul 19 14:19 UTC
Output:
----------------------------------------------------------
Running main() from /home/runner/work/freertos_cpp_wrappers/freertos_cpp_wrappers/build/_deps/googletest-src/googletest/src/gtest_main.cc
Note: Google Test filter = FreeRTOSSwTimerTest.HeaderCompilation
[==========] Running 1 test from 1 test suite.
[----------] Global test environment set-up.
[----------] 1 test from FreeRTOSSwTimerTest
[ RUN      ] FreeRTOSSwTimerTest.HeaderCompilation
[       OK ] FreeRTOSSwTimerTest.HeaderCompilation (0 ms)
[----------] 1 test from FreeRTOSSwTimerTest (0 ms total)

[----------] Global test environment tear-down
[==========] 1 test from 1 test suite ran. (0 ms total)
[  PASSED  ] 1 test.
<end of output>
Test time =   0.00 sec
----------------------------------------------------------
Test Passed.
"FreeRTOSSwTimerTest.HeaderCompilation" end time: Jul 19 14:19 UTC
"FreeRTOSSwTimerTest.HeaderCompilation" time elapsed: 00:00:00
----------------------------------------------------------

14/17 Testing: FreeRTOSSwTimerTest.TypeAccess
14/17 Test: FreeRTOSSwTimerTest.TypeAccess
Command: "/home/runner/work/freertos_cpp_wrappers/freertos_cpp_wrappers/build/tests/test_freertos_sw_timer" "--gtest_filter=FreeRTOSSwTimerTest.TypeAccess" "--gtest_also_run_disabled_tests"
Directory: /home/runner/work/freertos_cpp_wrappers/freertos_cpp_wrappers/build/tests
"FreeRTOSSwTimerTest.TypeAccess" start time: Jul 19 14:19 UTC
Output:
----------------------------------------------------------
Running main() from /home/runner/work/freertos_cpp_wrappers/freertos_cpp_wrappers/build/_deps/googletest-src/googletest/src/gtest_main.cc
Note: Google Test filter = FreeRTOSSwTimerTest.TypeAccess
[==========] Running 1 test from 1 test suite.
[----------] Global test environment set-up.
[----------] 1 test from FreeRTOSSwTimerTest
[ RUN      ] FreeRTOSSwTimerTest.TypeAccess
[       OK ] FreeRTOSSwTimerTest.TypeAccess (0 ms)
[----------] 1 test from FreeRTOSSwTimerTest (0 ms total)

[----------] Global test environment tear-down
[==========] 1 test from 1 test suite ran. (0 ms total)
[  PASSED  ] 1 test.
<end of output>
Test time =   0.00 sec
----------------------------------------------------------
Test Passed.
"FreeRTOSSwTimerTest.TypeAccess" end time: Jul 19 14:19 UTC
"FreeRTOSSwTimerTest.TypeAccess" time elapsed: 00:00:00
----------------------------------------------------------

15/17 Testing: FreeRTOSTaskTest.HeaderCompilation
15/17 Test: FreeRTOSTaskTest.HeaderCompilation
Command: "/home/runner/work/freertos_cpp_wrappers/freertos_cpp_wrappers/build/tests/test_freertos_task" "--gtest_filter=FreeRTOSTaskTest.HeaderCompilation" "--gtest_also_run_disabled_tests"
Directory: /home/runner/work/freertos_cpp_wrappers/freertos_cpp_wrappers/build/tests
"FreeRTOSTaskTest.HeaderCompilation" start time: Jul 19 14:19 UTC
Output:
----------------------------------------------------------
Running main() from /home/runner/work/freertos_cpp_wrappers/freertos_cpp_wrappers/build/_deps/googletest-src/googletest/src/gtest_main.cc
Note: Google Test filter = FreeRTOSTaskTest.HeaderCompilation
[==========] Running 1 test from 1 test suite.
[----------] Global test environment set-up.
[----------] 1 test from FreeRTOSTaskTest
[ RUN      ] FreeRTOSTaskTest.HeaderCompilation
[       OK ] FreeRTOSTaskTest.HeaderCompilation (0 ms)
[----------] 1 test from FreeRTOSTaskTest (0 ms total)

[----------] Global test environment tear-down
[==========] 1 test from 1 test suite ran. (0 ms total)
[  PASSED  ] 1 test.
<end of output>
Test time =   0.00 sec
----------------------------------------------------------
Test Passed.
"FreeRTOSTaskTest.HeaderCompilation" end time: Jul 19 14:19 UTC
"FreeRTOSTaskTest.HeaderCompilation" time elapsed: 00:00:00
----------------------------------------------------------

16/17 Testing: FreeRTOSTaskTest.TypeAccess
16/17 Test: FreeRTOSTaskTest.TypeAccess
Command: "/home/runner/work/freertos_cpp_wrappers/freertos_cpp_wrappers/build/tests/test_freertos_task" "--gtest_filter=FreeRTOSTaskTest.TypeAccess" "--gtest_also_run_disabled_tests"
Directory: /home/runner/work/freertos_cpp_wrappers/freertos_cpp_wrappers/build/tests
"FreeRTOSTaskTest.TypeAccess" start time: Jul 19 14:19 UTC
Output:
----------------------------------------------------------
Running main() from /home/runner/work/freertos_cpp_wrappers/freertos_cpp_wrappers/build/_deps/googletest-src/googletest/src/gtest_main.cc
Note: Google Test filter = FreeRTOSTaskTest.TypeAccess
[==========] Running 1 test from 1 test suite.
[----------] Global test environment set-up.
[----------] 1 test from FreeRTOSTaskTest
[ RUN      ] FreeRTOSTaskTest.TypeAccess
[       OK ] FreeRTOSTaskTest.TypeAccess (0 ms)
[----------] 1 test from FreeRTOSTaskTest (0 ms total)

[----------] Global test environment tear-down
[==========] 1 test from 1 test suite ran. (0 ms total)
[  PASSED  ] 1 test.
<end of output>
Test time =   0.00 sec
----------------------------------------------------------
Test Passed.
"FreeRTOSTaskTest.TypeAccess" end time: Jul 19 14:19 UTC
"FreeRTOSTaskTest.TypeAccess" time elapsed: 00:00:00
----------------------------------------------------------

17/17 Testing: FreeRTOSTaskTest.DelayFunctionAccess
17/17 Test: FreeRTOSTaskTest.DelayFunctionAccess
Command: "/home/runner/work/freertos_cpp_wrappers/freertos_cpp_wrappers/build/tests/test_freertos_task" "--gtest_filter=FreeRTOSTaskTest.DelayFunctionAccess" "--gtest_also_run_disabled_tests"
Directory: /home/runner/work/freertos_cpp_wrappers/freertos_cpp_wrappers/build/tests
"FreeRTOSTaskTest.DelayFunctionAccess" start time: Jul 19 14:19 UTC
Output:
----------------------------------------------------------
Running main() from /home/runner/work/freertos_cpp_wrappers/freertos_cpp_wrappers/build/_deps/googletest-src/googletest/src/gtest_main.cc
Note: Google Test filter = FreeRTOSTaskTest.DelayFunctionAccess
[==========] Running 1 test from 1 test suite.
[----------] Global test environment set-up.
[----------] 1 test from FreeRTOSTaskTest
[ RUN      ] FreeRTOSTaskTest.DelayFunctionAccess
[       OK ] FreeRTOSTaskTest.DelayFunctionAccess (0 ms)
[----------] 1 test from FreeRTOSTaskTest (0 ms total)

[----------] Global test environment tear-down
[==========] 1 test from 1 test suite ran. (0 ms total)
[  PASSED  ] 1 test.
<end of output>
Test time =   0.00 sec
----------------------------------------------------------
Test Passed.
"FreeRTOSTaskTest.DelayFunctionAccess" end time: Jul 19 14:19 UTC
"FreeRTOSTaskTest.DelayFunctionAccess" time elapsed: 00:00:00
----------------------------------------------------------

End testing: Jul 19 14:19 UTC
